<?xml version="1.0" encoding="UTF-8"?>
<testsuite xmlns:xsi="http://www.w3.org/2001/XMLSchema-instance" xsi:noNamespaceSchemaLocation="https://maven.apache.org/surefire/maven-surefire-plugin/xsd/surefire-test-report.xsd" name="papapizza.baking.BakingManagementTest" time="20.512" tests="8" errors="0" skipped="0" failures="0">
  <properties>
    <property name="sun.desktop" value="windows"/>
    <property name="awt.toolkit" value="sun.awt.windows.WToolkit"/>
    <property name="java.specification.version" value="9"/>
    <property name="file.encoding.pkg" value="sun.io"/>
    <property name="sun.cpu.isalist" value="amd64"/>
    <property name="sun.jnu.encoding" value="Cp1252"/>
    <property name="java.class.path" value="C:\Documents\GitHub\swt18w14\target\test-classes;C:\Documents\GitHub\swt18w14\target\classes;C:\Users\Marine\.m2\repository\org\webjars\webjars-locator-core\0.35\webjars-locator-core-0.35.jar;C:\Users\Marine\.m2\repository\org\slf4j\slf4j-api\1.7.25\slf4j-api-1.7.25.jar;C:\Users\Marine\.m2\repository\org\apache\commons\commons-lang3\3.8\commons-lang3-3.8.jar;C:\Users\Marine\.m2\repository\org\apache\commons\commons-compress\1.9\commons-compress-1.9.jar;C:\Users\Marine\.m2\repository\com\fasterxml\jackson\core\jackson-core\2.9.7\jackson-core-2.9.7.jar;C:\Users\Marine\.m2\repository\org\webjars\Semantic-UI\2.2.10\Semantic-UI-2.2.10.jar;C:\Users\Marine\.m2\repository\org\webjars\jquery\3.2.1\jquery-3.2.1.jar;C:\Users\Marine\.m2\repository\org\springframework\boot\spring-boot-starter\2.0.0.RC1\spring-boot-starter-2.0.0.RC1.jar;C:\Users\Marine\.m2\repository\org\springframework\boot\spring-boot\2.1.0.M4\spring-boot-2.1.0.M4.jar;C:\Users\Marine\.m2\repository\org\springframework\spring-context\5.1.0.RELEASE\spring-context-5.1.0.RELEASE.jar;C:\Users\Marine\.m2\repository\org\springframework\boot\spring-boot-autoconfigure\2.1.0.M4\spring-boot-autoconfigure-2.1.0.M4.jar;C:\Users\Marine\.m2\repository\org\springframework\boot\spring-boot-starter-logging\2.1.0.M4\spring-boot-starter-logging-2.1.0.M4.jar;C:\Users\Marine\.m2\repository\ch\qos\logback\logback-classic\1.2.3\logback-classic-1.2.3.jar;C:\Users\Marine\.m2\repository\ch\qos\logback\logback-core\1.2.3\logback-core-1.2.3.jar;C:\Users\Marine\.m2\repository\org\apache\logging\log4j\log4j-to-slf4j\2.11.1\log4j-to-slf4j-2.11.1.jar;C:\Users\Marine\.m2\repository\org\apache\logging\log4j\log4j-api\2.11.1\log4j-api-2.11.1.jar;C:\Users\Marine\.m2\repository\org\slf4j\jul-to-slf4j\1.7.25\jul-to-slf4j-1.7.25.jar;C:\Users\Marine\.m2\repository\javax\annotation\javax.annotation-api\1.3.2\javax.annotation-api-1.3.2.jar;C:\Users\Marine\.m2\repository\org\springframework\spring-core\5.1.0.RELEASE\spring-core-5.1.0.RELEASE.jar;C:\Users\Marine\.m2\repository\org\springframework\spring-jcl\5.1.0.RELEASE\spring-jcl-5.1.0.RELEASE.jar;C:\Users\Marine\.m2\repository\org\yaml\snakeyaml\1.23\snakeyaml-1.23.jar;C:\Users\Marine\.m2\repository\org\springframework\boot\spring-boot-starter-test\2.1.0.M4\spring-boot-starter-test-2.1.0.M4.jar;C:\Users\Marine\.m2\repository\org\springframework\boot\spring-boot-test\2.1.0.M4\spring-boot-test-2.1.0.M4.jar;C:\Users\Marine\.m2\repository\org\springframework\boot\spring-boot-test-autoconfigure\2.1.0.M4\spring-boot-test-autoconfigure-2.1.0.M4.jar;C:\Users\Marine\.m2\repository\com\jayway\jsonpath\json-path\2.4.0\json-path-2.4.0.jar;C:\Users\Marine\.m2\repository\net\minidev\json-smart\2.3\json-smart-2.3.jar;C:\Users\Marine\.m2\repository\net\minidev\accessors-smart\1.2\accessors-smart-1.2.jar;C:\Users\Marine\.m2\repository\org\ow2\asm\asm\5.0.4\asm-5.0.4.jar;C:\Users\Marine\.m2\repository\junit\junit\4.12\junit-4.12.jar;C:\Users\Marine\.m2\repository\org\mockito\mockito-core\2.22.0\mockito-core-2.22.0.jar;C:\Users\Marine\.m2\repository\net\bytebuddy\byte-buddy\1.8.22\byte-buddy-1.8.22.jar;C:\Users\Marine\.m2\repository\net\bytebuddy\byte-buddy-agent\1.8.22\byte-buddy-agent-1.8.22.jar;C:\Users\Marine\.m2\repository\org\objenesis\objenesis\2.6\objenesis-2.6.jar;C:\Users\Marine\.m2\repository\org\hamcrest\hamcrest-core\1.3\hamcrest-core-1.3.jar;C:\Users\Marine\.m2\repository\org\hamcrest\hamcrest-library\1.3\hamcrest-library-1.3.jar;C:\Users\Marine\.m2\repository\org\skyscreamer\jsonassert\1.5.0\jsonassert-1.5.0.jar;C:\Users\Marine\.m2\repository\com\vaadin\external\google\android-json\0.0.20131108.vaadin1\android-json-0.0.20131108.vaadin1.jar;C:\Users\Marine\.m2\repository\org\springframework\spring-test\5.1.0.RELEASE\spring-test-5.1.0.RELEASE.jar;C:\Users\Marine\.m2\repository\org\xmlunit\xmlunit-core\2.6.2\xmlunit-core-2.6.2.jar;C:\Users\Marine\.m2\repository\org\springframework\security\spring-security-test\5.1.0.RELEASE\spring-security-test-5.1.0.RELEASE.jar;C:\Users\Marine\.m2\repository\org\springframework\security\spring-security-core\5.1.0.RELEASE\spring-security-core-5.1.0.RELEASE.jar;C:\Users\Marine\.m2\repository\org\springframework\spring-aop\5.1.0.RELEASE\spring-aop-5.1.0.RELEASE.jar;C:\Users\Marine\.m2\repository\org\springframework\spring-beans\5.1.0.RELEASE\spring-beans-5.1.0.RELEASE.jar;C:\Users\Marine\.m2\repository\org\springframework\spring-expression\5.1.0.RELEASE\spring-expression-5.1.0.RELEASE.jar;C:\Users\Marine\.m2\repository\org\springframework\security\spring-security-web\5.1.0.RELEASE\spring-security-web-5.1.0.RELEASE.jar;C:\Users\Marine\.m2\repository\org\springframework\spring-web\5.1.0.RELEASE\spring-web-5.1.0.RELEASE.jar;C:\Users\Marine\.m2\repository\javax\xml\bind\jaxb-api\2.3.0\jaxb-api-2.3.0.jar;C:\Users\Marine\.m2\repository\org\mockito\mockito-all\1.9.5\mockito-all-1.9.5.jar;C:\Users\Marine\.m2\repository\de\tudresden\inf\st\salespoint-framework\7.0.0.RELEASE\salespoint-framework-7.0.0.RELEASE.jar;C:\Users\Marine\.m2\repository\org\springframework\boot\spring-boot-starter-data-jpa\2.1.0.M4\spring-boot-starter-data-jpa-2.1.0.M4.jar;C:\Users\Marine\.m2\repository\org\springframework\boot\spring-boot-starter-aop\2.1.0.M4\spring-boot-starter-aop-2.1.0.M4.jar;C:\Users\Marine\.m2\repository\org\aspectj\aspectjweaver\1.9.1\aspectjweaver-1.9.1.jar;C:\Users\Marine\.m2\repository\org\springframework\boot\spring-boot-starter-jdbc\2.1.0.M4\spring-boot-starter-jdbc-2.1.0.M4.jar;C:\Users\Marine\.m2\repository\com\zaxxer\HikariCP\3.2.0\HikariCP-3.2.0.jar;C:\Users\Marine\.m2\repository\org\springframework\spring-jdbc\5.1.0.RELEASE\spring-jdbc-5.1.0.RELEASE.jar;C:\Users\Marine\.m2\repository\javax\transaction\javax.transaction-api\1.3\javax.transaction-api-1.3.jar;C:\Users\Marine\.m2\repository\org\hibernate\hibernate-core\5.3.6.Final\hibernate-core-5.3.6.Final.jar;C:\Users\Marine\.m2\repository\org\jboss\logging\jboss-logging\3.3.2.Final\jboss-logging-3.3.2.Final.jar;C:\Users\Marine\.m2\repository\javax\persistence\javax.persistence-api\2.2\javax.persistence-api-2.2.jar;C:\Users\Marine\.m2\repository\org\javassist\javassist\3.23.1-GA\javassist-3.23.1-GA.jar;C:\Users\Marine\.m2\repository\antlr\antlr\2.7.7\antlr-2.7.7.jar;C:\Users\Marine\.m2\repository\org\jboss\jandex\2.0.5.Final\jandex-2.0.5.Final.jar;C:\Users\Marine\.m2\repository\com\fasterxml\classmate\1.4.0\classmate-1.4.0.jar;C:\Users\Marine\.m2\repository\javax\activation\javax.activation-api\1.2.0\javax.activation-api-1.2.0.jar;C:\Users\Marine\.m2\repository\dom4j\dom4j\1.6.1\dom4j-1.6.1.jar;C:\Users\Marine\.m2\repository\org\hibernate\common\hibernate-commons-annotations\5.0.4.Final\hibernate-commons-annotations-5.0.4.Final.jar;C:\Users\Marine\.m2\repository\org\springframework\data\spring-data-jpa\2.1.0.RELEASE\spring-data-jpa-2.1.0.RELEASE.jar;C:\Users\Marine\.m2\repository\org\springframework\data\spring-data-commons\2.1.0.RELEASE\spring-data-commons-2.1.0.RELEASE.jar;C:\Users\Marine\.m2\repository\org\springframework\spring-orm\5.1.0.RELEASE\spring-orm-5.1.0.RELEASE.jar;C:\Users\Marine\.m2\repository\org\springframework\spring-tx\5.1.0.RELEASE\spring-tx-5.1.0.RELEASE.jar;C:\Users\Marine\.m2\repository\org\springframework\spring-aspects\5.1.0.RELEASE\spring-aspects-5.1.0.RELEASE.jar;C:\Users\Marine\.m2\repository\org\springframework\boot\spring-boot-starter-web\2.1.0.M4\spring-boot-starter-web-2.1.0.M4.jar;C:\Users\Marine\.m2\repository\org\springframework\boot\spring-boot-starter-json\2.1.0.M4\spring-boot-starter-json-2.1.0.M4.jar;C:\Users\Marine\.m2\repository\com\fasterxml\jackson\core\jackson-databind\2.9.7\jackson-databind-2.9.7.jar;C:\Users\Marine\.m2\repository\com\fasterxml\jackson\core\jackson-annotations\2.9.0\jackson-annotations-2.9.0.jar;C:\Users\Marine\.m2\repository\com\fasterxml\jackson\datatype\jackson-datatype-jdk8\2.9.7\jackson-datatype-jdk8-2.9.7.jar;C:\Users\Marine\.m2\repository\com\fasterxml\jackson\datatype\jackson-datatype-jsr310\2.9.7\jackson-datatype-jsr310-2.9.7.jar;C:\Users\Marine\.m2\repository\com\fasterxml\jackson\module\jackson-module-parameter-names\2.9.7\jackson-module-parameter-names-2.9.7.jar;C:\Users\Marine\.m2\repository\org\springframework\boot\spring-boot-starter-tomcat\2.1.0.M4\spring-boot-starter-tomcat-2.1.0.M4.jar;C:\Users\Marine\.m2\repository\org\apache\tomcat\embed\tomcat-embed-core\9.0.12\tomcat-embed-core-9.0.12.jar;C:\Users\Marine\.m2\repository\org\apache\tomcat\embed\tomcat-embed-el\9.0.12\tomcat-embed-el-9.0.12.jar;C:\Users\Marine\.m2\repository\org\apache\tomcat\embed\tomcat-embed-websocket\9.0.12\tomcat-embed-websocket-9.0.12.jar;C:\Users\Marine\.m2\repository\org\hibernate\validator\hibernate-validator\6.0.13.Final\hibernate-validator-6.0.13.Final.jar;C:\Users\Marine\.m2\repository\javax\validation\validation-api\2.0.1.Final\validation-api-2.0.1.Final.jar;C:\Users\Marine\.m2\repository\org\springframework\spring-webmvc\5.1.0.RELEASE\spring-webmvc-5.1.0.RELEASE.jar;C:\Users\Marine\.m2\repository\org\springframework\boot\spring-boot-starter-thymeleaf\2.1.0.M4\spring-boot-starter-thymeleaf-2.1.0.M4.jar;C:\Users\Marine\.m2\repository\org\thymeleaf\thymeleaf-spring5\3.0.9.RELEASE\thymeleaf-spring5-3.0.9.RELEASE.jar;C:\Users\Marine\.m2\repository\org\springframework\boot\spring-boot-starter-mail\2.1.0.M4\spring-boot-starter-mail-2.1.0.M4.jar;C:\Users\Marine\.m2\repository\org\springframework\spring-context-support\5.1.0.RELEASE\spring-context-support-5.1.0.RELEASE.jar;C:\Users\Marine\.m2\repository\com\sun\mail\javax.mail\1.6.2\javax.mail-1.6.2.jar;C:\Users\Marine\.m2\repository\javax\activation\activation\1.1\activation-1.1.jar;C:\Users\Marine\.m2\repository\org\springframework\boot\spring-boot-starter-security\2.1.0.M4\spring-boot-starter-security-2.1.0.M4.jar;C:\Users\Marine\.m2\repository\org\springframework\security\spring-security-config\5.1.0.RELEASE\spring-security-config-5.1.0.RELEASE.jar;C:\Users\Marine\.m2\repository\org\thymeleaf\extras\thymeleaf-extras-springsecurity4\3.0.2.RELEASE\thymeleaf-extras-springsecurity4-3.0.2.RELEASE.jar;C:\Users\Marine\.m2\repository\org\thymeleaf\extras\thymeleaf-extras-java8time\3.0.1.RELEASE\thymeleaf-extras-java8time-3.0.1.RELEASE.jar;C:\Users\Marine\.m2\repository\org\thymeleaf\thymeleaf\3.0.9.RELEASE\thymeleaf-3.0.9.RELEASE.jar;C:\Users\Marine\.m2\repository\ognl\ognl\3.1.12\ognl-3.1.12.jar;C:\Users\Marine\.m2\repository\org\attoparser\attoparser\2.0.4.RELEASE\attoparser-2.0.4.RELEASE.jar;C:\Users\Marine\.m2\repository\org\unbescape\unbescape\1.1.5.RELEASE\unbescape-1.1.5.RELEASE.jar;C:\Users\Marine\.m2\repository\org\javamoney\moneta\1.1\moneta-1.1.jar;C:\Users\Marine\.m2\repository\javax\money\money-api\1.0.3\money-api-1.0.3.jar;C:\Users\Marine\.m2\repository\de\olivergierke\moduliths\moduliths-core\1.0.0.M1\moduliths-core-1.0.0.M1.jar;C:\Users\Marine\.m2\repository\com\h2database\h2\1.4.197\h2-1.4.197.jar;C:\Users\Marine\.m2\repository\org\junit\jupiter\junit-jupiter-api\5.3.1\junit-jupiter-api-5.3.1.jar;C:\Users\Marine\.m2\repository\org\apiguardian\apiguardian-api\1.0.0\apiguardian-api-1.0.0.jar;C:\Users\Marine\.m2\repository\org\opentest4j\opentest4j\1.1.1\opentest4j-1.1.1.jar;C:\Users\Marine\.m2\repository\org\junit\platform\junit-platform-commons\1.3.1\junit-platform-commons-1.3.1.jar;C:\Users\Marine\.m2\repository\org\junit\jupiter\junit-jupiter-engine\5.3.1\junit-jupiter-engine-5.3.1.jar;C:\Users\Marine\.m2\repository\org\junit\platform\junit-platform-engine\1.3.1\junit-platform-engine-1.3.1.jar;C:\Users\Marine\.m2\repository\org\junit\jupiter\junit-jupiter-params\5.3.1\junit-jupiter-params-5.3.1.jar;C:\Users\Marine\.m2\repository\org\mockito\mockito-junit-jupiter\2.22.0\mockito-junit-jupiter-2.22.0.jar;C:\Users\Marine\.m2\repository\org\assertj\assertj-core\3.11.1\assertj-core-3.11.1.jar;C:\Users\Marine\.m2\repository\de\olivergierke\moduliths\moduliths-test\1.0.0.M1\moduliths-test-1.0.0.M1.jar;C:\Users\Marine\.m2\repository\com\tngtech\archunit\archunit\0.9.1\archunit-0.9.1.jar;C:\Users\Marine\.m2\repository\org\springframework\boot\spring-boot-devtools\2.1.0.M4\spring-boot-devtools-2.1.0.M4.jar;"/>
    <property name="java.vm.vendor" value="Oracle Corporation"/>
    <property name="sun.arch.data.model" value="64"/>
    <property name="user.variant" value=""/>
    <property name="java.vendor.url" value="http://java.oracle.com/"/>
    <property name="user.timezone" value="Europe/Berlin"/>
    <property name="java.vm.specification.version" value="9"/>
    <property name="os.name" value="Windows 10"/>
    <property name="sun.java.launcher" value="SUN_STANDARD"/>
    <property name="user.country" value="GB"/>
    <property name="sun.boot.library.path" value="C:\Program Files\Java\jdk-9.0.1\bin"/>
    <property name="sun.java.command" value="C:\Users\Marine\AppData\Local\Temp\surefire2508734775598409434\surefirebooter7384761420136766583.jar C:\Users\Marine\AppData\Local\Temp\surefire2508734775598409434 2019-01-11T15-39-31_938-jvmRun1 surefire16646089275546018292tmp surefire_02567707839838735843tmp"/>
    <property name="jdk.debug" value="release"/>
    <property name="surefire.test.class.path" value="C:\Documents\GitHub\swt18w14\target\test-classes;C:\Documents\GitHub\swt18w14\target\classes;C:\Users\Marine\.m2\repository\org\webjars\webjars-locator-core\0.35\webjars-locator-core-0.35.jar;C:\Users\Marine\.m2\repository\org\slf4j\slf4j-api\1.7.25\slf4j-api-1.7.25.jar;C:\Users\Marine\.m2\repository\org\apache\commons\commons-lang3\3.8\commons-lang3-3.8.jar;C:\Users\Marine\.m2\repository\org\apache\commons\commons-compress\1.9\commons-compress-1.9.jar;C:\Users\Marine\.m2\repository\com\fasterxml\jackson\core\jackson-core\2.9.7\jackson-core-2.9.7.jar;C:\Users\Marine\.m2\repository\org\webjars\Semantic-UI\2.2.10\Semantic-UI-2.2.10.jar;C:\Users\Marine\.m2\repository\org\webjars\jquery\3.2.1\jquery-3.2.1.jar;C:\Users\Marine\.m2\repository\org\springframework\boot\spring-boot-starter\2.0.0.RC1\spring-boot-starter-2.0.0.RC1.jar;C:\Users\Marine\.m2\repository\org\springframework\boot\spring-boot\2.1.0.M4\spring-boot-2.1.0.M4.jar;C:\Users\Marine\.m2\repository\org\springframework\spring-context\5.1.0.RELEASE\spring-context-5.1.0.RELEASE.jar;C:\Users\Marine\.m2\repository\org\springframework\boot\spring-boot-autoconfigure\2.1.0.M4\spring-boot-autoconfigure-2.1.0.M4.jar;C:\Users\Marine\.m2\repository\org\springframework\boot\spring-boot-starter-logging\2.1.0.M4\spring-boot-starter-logging-2.1.0.M4.jar;C:\Users\Marine\.m2\repository\ch\qos\logback\logback-classic\1.2.3\logback-classic-1.2.3.jar;C:\Users\Marine\.m2\repository\ch\qos\logback\logback-core\1.2.3\logback-core-1.2.3.jar;C:\Users\Marine\.m2\repository\org\apache\logging\log4j\log4j-to-slf4j\2.11.1\log4j-to-slf4j-2.11.1.jar;C:\Users\Marine\.m2\repository\org\apache\logging\log4j\log4j-api\2.11.1\log4j-api-2.11.1.jar;C:\Users\Marine\.m2\repository\org\slf4j\jul-to-slf4j\1.7.25\jul-to-slf4j-1.7.25.jar;C:\Users\Marine\.m2\repository\javax\annotation\javax.annotation-api\1.3.2\javax.annotation-api-1.3.2.jar;C:\Users\Marine\.m2\repository\org\springframework\spring-core\5.1.0.RELEASE\spring-core-5.1.0.RELEASE.jar;C:\Users\Marine\.m2\repository\org\springframework\spring-jcl\5.1.0.RELEASE\spring-jcl-5.1.0.RELEASE.jar;C:\Users\Marine\.m2\repository\org\yaml\snakeyaml\1.23\snakeyaml-1.23.jar;C:\Users\Marine\.m2\repository\org\springframework\boot\spring-boot-starter-test\2.1.0.M4\spring-boot-starter-test-2.1.0.M4.jar;C:\Users\Marine\.m2\repository\org\springframework\boot\spring-boot-test\2.1.0.M4\spring-boot-test-2.1.0.M4.jar;C:\Users\Marine\.m2\repository\org\springframework\boot\spring-boot-test-autoconfigure\2.1.0.M4\spring-boot-test-autoconfigure-2.1.0.M4.jar;C:\Users\Marine\.m2\repository\com\jayway\jsonpath\json-path\2.4.0\json-path-2.4.0.jar;C:\Users\Marine\.m2\repository\net\minidev\json-smart\2.3\json-smart-2.3.jar;C:\Users\Marine\.m2\repository\net\minidev\accessors-smart\1.2\accessors-smart-1.2.jar;C:\Users\Marine\.m2\repository\org\ow2\asm\asm\5.0.4\asm-5.0.4.jar;C:\Users\Marine\.m2\repository\junit\junit\4.12\junit-4.12.jar;C:\Users\Marine\.m2\repository\org\mockito\mockito-core\2.22.0\mockito-core-2.22.0.jar;C:\Users\Marine\.m2\repository\net\bytebuddy\byte-buddy\1.8.22\byte-buddy-1.8.22.jar;C:\Users\Marine\.m2\repository\net\bytebuddy\byte-buddy-agent\1.8.22\byte-buddy-agent-1.8.22.jar;C:\Users\Marine\.m2\repository\org\objenesis\objenesis\2.6\objenesis-2.6.jar;C:\Users\Marine\.m2\repository\org\hamcrest\hamcrest-core\1.3\hamcrest-core-1.3.jar;C:\Users\Marine\.m2\repository\org\hamcrest\hamcrest-library\1.3\hamcrest-library-1.3.jar;C:\Users\Marine\.m2\repository\org\skyscreamer\jsonassert\1.5.0\jsonassert-1.5.0.jar;C:\Users\Marine\.m2\repository\com\vaadin\external\google\android-json\0.0.20131108.vaadin1\android-json-0.0.20131108.vaadin1.jar;C:\Users\Marine\.m2\repository\org\springframework\spring-test\5.1.0.RELEASE\spring-test-5.1.0.RELEASE.jar;C:\Users\Marine\.m2\repository\org\xmlunit\xmlunit-core\2.6.2\xmlunit-core-2.6.2.jar;C:\Users\Marine\.m2\repository\org\springframework\security\spring-security-test\5.1.0.RELEASE\spring-security-test-5.1.0.RELEASE.jar;C:\Users\Marine\.m2\repository\org\springframework\security\spring-security-core\5.1.0.RELEASE\spring-security-core-5.1.0.RELEASE.jar;C:\Users\Marine\.m2\repository\org\springframework\spring-aop\5.1.0.RELEASE\spring-aop-5.1.0.RELEASE.jar;C:\Users\Marine\.m2\repository\org\springframework\spring-beans\5.1.0.RELEASE\spring-beans-5.1.0.RELEASE.jar;C:\Users\Marine\.m2\repository\org\springframework\spring-expression\5.1.0.RELEASE\spring-expression-5.1.0.RELEASE.jar;C:\Users\Marine\.m2\repository\org\springframework\security\spring-security-web\5.1.0.RELEASE\spring-security-web-5.1.0.RELEASE.jar;C:\Users\Marine\.m2\repository\org\springframework\spring-web\5.1.0.RELEASE\spring-web-5.1.0.RELEASE.jar;C:\Users\Marine\.m2\repository\javax\xml\bind\jaxb-api\2.3.0\jaxb-api-2.3.0.jar;C:\Users\Marine\.m2\repository\org\mockito\mockito-all\1.9.5\mockito-all-1.9.5.jar;C:\Users\Marine\.m2\repository\de\tudresden\inf\st\salespoint-framework\7.0.0.RELEASE\salespoint-framework-7.0.0.RELEASE.jar;C:\Users\Marine\.m2\repository\org\springframework\boot\spring-boot-starter-data-jpa\2.1.0.M4\spring-boot-starter-data-jpa-2.1.0.M4.jar;C:\Users\Marine\.m2\repository\org\springframework\boot\spring-boot-starter-aop\2.1.0.M4\spring-boot-starter-aop-2.1.0.M4.jar;C:\Users\Marine\.m2\repository\org\aspectj\aspectjweaver\1.9.1\aspectjweaver-1.9.1.jar;C:\Users\Marine\.m2\repository\org\springframework\boot\spring-boot-starter-jdbc\2.1.0.M4\spring-boot-starter-jdbc-2.1.0.M4.jar;C:\Users\Marine\.m2\repository\com\zaxxer\HikariCP\3.2.0\HikariCP-3.2.0.jar;C:\Users\Marine\.m2\repository\org\springframework\spring-jdbc\5.1.0.RELEASE\spring-jdbc-5.1.0.RELEASE.jar;C:\Users\Marine\.m2\repository\javax\transaction\javax.transaction-api\1.3\javax.transaction-api-1.3.jar;C:\Users\Marine\.m2\repository\org\hibernate\hibernate-core\5.3.6.Final\hibernate-core-5.3.6.Final.jar;C:\Users\Marine\.m2\repository\org\jboss\logging\jboss-logging\3.3.2.Final\jboss-logging-3.3.2.Final.jar;C:\Users\Marine\.m2\repository\javax\persistence\javax.persistence-api\2.2\javax.persistence-api-2.2.jar;C:\Users\Marine\.m2\repository\org\javassist\javassist\3.23.1-GA\javassist-3.23.1-GA.jar;C:\Users\Marine\.m2\repository\antlr\antlr\2.7.7\antlr-2.7.7.jar;C:\Users\Marine\.m2\repository\org\jboss\jandex\2.0.5.Final\jandex-2.0.5.Final.jar;C:\Users\Marine\.m2\repository\com\fasterxml\classmate\1.4.0\classmate-1.4.0.jar;C:\Users\Marine\.m2\repository\javax\activation\javax.activation-api\1.2.0\javax.activation-api-1.2.0.jar;C:\Users\Marine\.m2\repository\dom4j\dom4j\1.6.1\dom4j-1.6.1.jar;C:\Users\Marine\.m2\repository\org\hibernate\common\hibernate-commons-annotations\5.0.4.Final\hibernate-commons-annotations-5.0.4.Final.jar;C:\Users\Marine\.m2\repository\org\springframework\data\spring-data-jpa\2.1.0.RELEASE\spring-data-jpa-2.1.0.RELEASE.jar;C:\Users\Marine\.m2\repository\org\springframework\data\spring-data-commons\2.1.0.RELEASE\spring-data-commons-2.1.0.RELEASE.jar;C:\Users\Marine\.m2\repository\org\springframework\spring-orm\5.1.0.RELEASE\spring-orm-5.1.0.RELEASE.jar;C:\Users\Marine\.m2\repository\org\springframework\spring-tx\5.1.0.RELEASE\spring-tx-5.1.0.RELEASE.jar;C:\Users\Marine\.m2\repository\org\springframework\spring-aspects\5.1.0.RELEASE\spring-aspects-5.1.0.RELEASE.jar;C:\Users\Marine\.m2\repository\org\springframework\boot\spring-boot-starter-web\2.1.0.M4\spring-boot-starter-web-2.1.0.M4.jar;C:\Users\Marine\.m2\repository\org\springframework\boot\spring-boot-starter-json\2.1.0.M4\spring-boot-starter-json-2.1.0.M4.jar;C:\Users\Marine\.m2\repository\com\fasterxml\jackson\core\jackson-databind\2.9.7\jackson-databind-2.9.7.jar;C:\Users\Marine\.m2\repository\com\fasterxml\jackson\core\jackson-annotations\2.9.0\jackson-annotations-2.9.0.jar;C:\Users\Marine\.m2\repository\com\fasterxml\jackson\datatype\jackson-datatype-jdk8\2.9.7\jackson-datatype-jdk8-2.9.7.jar;C:\Users\Marine\.m2\repository\com\fasterxml\jackson\datatype\jackson-datatype-jsr310\2.9.7\jackson-datatype-jsr310-2.9.7.jar;C:\Users\Marine\.m2\repository\com\fasterxml\jackson\module\jackson-module-parameter-names\2.9.7\jackson-module-parameter-names-2.9.7.jar;C:\Users\Marine\.m2\repository\org\springframework\boot\spring-boot-starter-tomcat\2.1.0.M4\spring-boot-starter-tomcat-2.1.0.M4.jar;C:\Users\Marine\.m2\repository\org\apache\tomcat\embed\tomcat-embed-core\9.0.12\tomcat-embed-core-9.0.12.jar;C:\Users\Marine\.m2\repository\org\apache\tomcat\embed\tomcat-embed-el\9.0.12\tomcat-embed-el-9.0.12.jar;C:\Users\Marine\.m2\repository\org\apache\tomcat\embed\tomcat-embed-websocket\9.0.12\tomcat-embed-websocket-9.0.12.jar;C:\Users\Marine\.m2\repository\org\hibernate\validator\hibernate-validator\6.0.13.Final\hibernate-validator-6.0.13.Final.jar;C:\Users\Marine\.m2\repository\javax\validation\validation-api\2.0.1.Final\validation-api-2.0.1.Final.jar;C:\Users\Marine\.m2\repository\org\springframework\spring-webmvc\5.1.0.RELEASE\spring-webmvc-5.1.0.RELEASE.jar;C:\Users\Marine\.m2\repository\org\springframework\boot\spring-boot-starter-thymeleaf\2.1.0.M4\spring-boot-starter-thymeleaf-2.1.0.M4.jar;C:\Users\Marine\.m2\repository\org\thymeleaf\thymeleaf-spring5\3.0.9.RELEASE\thymeleaf-spring5-3.0.9.RELEASE.jar;C:\Users\Marine\.m2\repository\org\springframework\boot\spring-boot-starter-mail\2.1.0.M4\spring-boot-starter-mail-2.1.0.M4.jar;C:\Users\Marine\.m2\repository\org\springframework\spring-context-support\5.1.0.RELEASE\spring-context-support-5.1.0.RELEASE.jar;C:\Users\Marine\.m2\repository\com\sun\mail\javax.mail\1.6.2\javax.mail-1.6.2.jar;C:\Users\Marine\.m2\repository\javax\activation\activation\1.1\activation-1.1.jar;C:\Users\Marine\.m2\repository\org\springframework\boot\spring-boot-starter-security\2.1.0.M4\spring-boot-starter-security-2.1.0.M4.jar;C:\Users\Marine\.m2\repository\org\springframework\security\spring-security-config\5.1.0.RELEASE\spring-security-config-5.1.0.RELEASE.jar;C:\Users\Marine\.m2\repository\org\thymeleaf\extras\thymeleaf-extras-springsecurity4\3.0.2.RELEASE\thymeleaf-extras-springsecurity4-3.0.2.RELEASE.jar;C:\Users\Marine\.m2\repository\org\thymeleaf\extras\thymeleaf-extras-java8time\3.0.1.RELEASE\thymeleaf-extras-java8time-3.0.1.RELEASE.jar;C:\Users\Marine\.m2\repository\org\thymeleaf\thymeleaf\3.0.9.RELEASE\thymeleaf-3.0.9.RELEASE.jar;C:\Users\Marine\.m2\repository\ognl\ognl\3.1.12\ognl-3.1.12.jar;C:\Users\Marine\.m2\repository\org\attoparser\attoparser\2.0.4.RELEASE\attoparser-2.0.4.RELEASE.jar;C:\Users\Marine\.m2\repository\org\unbescape\unbescape\1.1.5.RELEASE\unbescape-1.1.5.RELEASE.jar;C:\Users\Marine\.m2\repository\org\javamoney\moneta\1.1\moneta-1.1.jar;C:\Users\Marine\.m2\repository\javax\money\money-api\1.0.3\money-api-1.0.3.jar;C:\Users\Marine\.m2\repository\de\olivergierke\moduliths\moduliths-core\1.0.0.M1\moduliths-core-1.0.0.M1.jar;C:\Users\Marine\.m2\repository\com\h2database\h2\1.4.197\h2-1.4.197.jar;C:\Users\Marine\.m2\repository\org\junit\jupiter\junit-jupiter-api\5.3.1\junit-jupiter-api-5.3.1.jar;C:\Users\Marine\.m2\repository\org\apiguardian\apiguardian-api\1.0.0\apiguardian-api-1.0.0.jar;C:\Users\Marine\.m2\repository\org\opentest4j\opentest4j\1.1.1\opentest4j-1.1.1.jar;C:\Users\Marine\.m2\repository\org\junit\platform\junit-platform-commons\1.3.1\junit-platform-commons-1.3.1.jar;C:\Users\Marine\.m2\repository\org\junit\jupiter\junit-jupiter-engine\5.3.1\junit-jupiter-engine-5.3.1.jar;C:\Users\Marine\.m2\repository\org\junit\platform\junit-platform-engine\1.3.1\junit-platform-engine-1.3.1.jar;C:\Users\Marine\.m2\repository\org\junit\jupiter\junit-jupiter-params\5.3.1\junit-jupiter-params-5.3.1.jar;C:\Users\Marine\.m2\repository\org\mockito\mockito-junit-jupiter\2.22.0\mockito-junit-jupiter-2.22.0.jar;C:\Users\Marine\.m2\repository\org\assertj\assertj-core\3.11.1\assertj-core-3.11.1.jar;C:\Users\Marine\.m2\repository\de\olivergierke\moduliths\moduliths-test\1.0.0.M1\moduliths-test-1.0.0.M1.jar;C:\Users\Marine\.m2\repository\com\tngtech\archunit\archunit\0.9.1\archunit-0.9.1.jar;C:\Users\Marine\.m2\repository\org\springframework\boot\spring-boot-devtools\2.1.0.M4\spring-boot-devtools-2.1.0.M4.jar;"/>
    <property name="sun.cpu.endian" value="little"/>
    <property name="user.home" value="C:\Users\Marine"/>
    <property name="user.language" value="en"/>
    <property name="java.specification.vendor" value="Oracle Corporation"/>
    <property name="java.home" value="C:\Program Files\Java\jdk-9.0.1"/>
    <property name="file.separator" value="\"/>
    <property name="basedir" value="C:\Documents\GitHub\swt18w14"/>
    <property name="java.vm.compressedOopsMode" value="32-bit"/>
    <property name="line.separator" value="&#10;"/>
    <property name="java.vm.specification.vendor" value="Oracle Corporation"/>
    <property name="java.specification.name" value="Java Platform API Specification"/>
    <property name="java.awt.graphicsenv" value="sun.awt.Win32GraphicsEnvironment"/>
    <property name="surefire.real.class.path" value="C:\Users\Marine\AppData\Local\Temp\surefire2508734775598409434\surefirebooter7384761420136766583.jar"/>
    <property name="user.script" value=""/>
    <property name="sun.management.compiler" value="HotSpot 64-Bit Tiered Compilers"/>
    <property name="java.runtime.version" value="9.0.1+11"/>
    <property name="user.name" value="Marine"/>
    <property name="path.separator" value=";"/>
    <property name="os.version" value="10.0"/>
    <property name="java.runtime.name" value="Java(TM) SE Runtime Environment"/>
    <property name="file.encoding" value="Cp1252"/>
    <property name="java.vm.name" value="Java HotSpot(TM) 64-Bit Server VM"/>
    <property name="localRepository" value="C:\Users\Marine\.m2\repository"/>
    <property name="java.vendor.url.bug" value="http://bugreport.java.com/bugreport/"/>
    <property name="java.io.tmpdir" value="C:\Users\Marine\AppData\Local\Temp\"/>
    <property name="java.version" value="9.0.1"/>
    <property name="user.dir" value="C:\Documents\GitHub\swt18w14"/>
    <property name="os.arch" value="amd64"/>
    <property name="java.vm.specification.name" value="Java Virtual Machine Specification"/>
    <property name="java.awt.printerjob" value="sun.awt.windows.WPrinterJob"/>
    <property name="sun.os.patch.level" value=""/>
    <property name="java.library.path" value="C:\Program Files\Java\jdk-9.0.1\bin;C:\WINDOWS\Sun\Java\bin;C:\WINDOWS\system32;C:\WINDOWS;C:\Program Files (x86)\Intel\Intel(R) Management Engine Components\iCLS\;C:\Program Files\Intel\Intel(R) Management Engine Components\iCLS\;C:\Program Files\Haskell\bin;C:\Program Files\Haskell Platform\8.2.2\lib\extralibs\bin;C:\Program Files\Haskell Platform\8.2.2\bin;C:\Program Files (x86)\Python36-32\Scripts\;C:\Program Files (x86)\Python36-32\;C:\Program Files (x86)\Scripts\;C:\Program Files (x86)\;C:\ProgramData\Oracle\Java\javapath;C:\WINDOWS\system32;C:\WINDOWS;C:\WINDOWS\System32\Wbem;C:\WINDOWS\System32\WindowsPowerShell\v1.0\;C:\Program Files (x86)\Python;C:\MinGW\bin;C:\Program Files\Java\jdk-9.0.1\bin;C:\Program Files\PuTTY\;C:\Program Files\dotnet\;C:\Program Files\Haskell Platform\8.2.2\mingw\bin;C:\WINDOWS\System32\OpenSSH\;C:\Program Files\Intel\WiFi\bin\;C:\Program Files\Common Files\Intel\WirelessCommon\;C:\Program Files (x86)\Intel\Intel(R) Management Engine Components\DAL;C:\Program Files\Intel\Intel(R) Management Engine Components\DAL;C:\Program Files (x86)\Intel\Intel(R) Management Engine Components\IPT;C:\Program Files\Intel\Intel(R) Management Engine Components\IPT;C:\Program Files\apache-maven-3.5.4\bin;C:\Users\Marine\AppData\Roaming\cabal\bin;C:\Users\Marine\AppData\Roaming\local\bin;C:\Users\Marine\AppData\Local\Microsoft\WindowsApps;C:\Program Files\Microsoft VS Code\bin;C:\Users\Marine\AppData\Local\GitHubDesktop\bin;."/>
    <property name="java.vm.info" value="mixed mode"/>
    <property name="java.vendor" value="Oracle Corporation"/>
    <property name="java.vm.version" value="9.0.1+11"/>
    <property name="sun.io.unicode.encoding" value="UnicodeLittle"/>
    <property name="java.class.version" value="53.0"/>
  </properties>
  <testcase name="toBeBakedAmountZeroSthInOven" classname="papapizza.baking.BakingManagementTest" time="0.812"/>
  <testcase name="nextPizzaToBeBakedNoPizza" classname="papapizza.baking.BakingManagementTest" time="5.128"/>
  <testcase name="nextPizzaToBeBakedPos" classname="papapizza.baking.BakingManagementTest" time="6.452"/>
  <testcase name="toBeBakedAmountMore" classname="papapizza.baking.BakingManagementTest" time="0.242"/>
  <testcase name="inOvenAmount" classname="papapizza.baking.BakingManagementTest" time="0.192"/>
  <testcase name="rejectsUnauthenticatedAccessToController" classname="papapizza.baking.BakingManagementTest" time="3.007"/>
  <testcase name="toBeBakedAmountZeroNotInOven" classname="papapizza.baking.BakingManagementTest" time="1.324"/>
  <testcase name="inOvenUpdate" classname="papapizza.baking.BakingManagementTest" time="2.906"/>
</testsuite>